app/build/intermediates/manifest_merge_blame_file/debug/manifest-merger-blame-debug-report.txt
1<?xml version="1.0" encoding="utf-8"?>
2<manifest xmlns:android="http://schemas.android.com/apk/res/android"
3    package="com.example.androidattendancesystem"
4    android:versionCode="1"
5    android:versionName="1.0" >
6
7    <uses-sdk
8        android:minSdkVersion="14"
8-->src\main\AndroidManifest.xml
9        android:targetSdkVersion="26" />
9-->src\main\AndroidManifest.xml
10
11    <application
11-->src\main\AndroidManifest.xml:7:5-85:19
12        android:name="com.android.attendance.context.ApplicationContext"
12-->src\main\AndroidManifest.xml:8:9-73
13        android:allowBackup="true"
13-->src\main\AndroidManifest.xml:9:9-35
14        android:debuggable="true"
15        android:icon="@drawable/img_20201207_wa0008_1_"
15-->src\main\AndroidManifest.xml:10:9-56
16        android:label="@string/app_name"
16-->src\main\AndroidManifest.xml:11:9-41
17        android:testOnly="true"
18        android:theme="@style/AppTheme" >
18-->src\main\AndroidManifest.xml:12:9-40
19        <activity
19-->src\main\AndroidManifest.xml:14:9-23:20
20            android:name="com.android.attendance.activity.MainActivity"
20-->src\main\AndroidManifest.xml:15:13-72
21            android:label="@string/app_name"
21-->src\main\AndroidManifest.xml:16:13-45
22            android:screenOrientation="portrait" >
22-->src\main\AndroidManifest.xml:17:13-49
23            <intent-filter>
23-->src\main\AndroidManifest.xml:18:13-22:29
24                <action android:name="android.intent.action.MAIN" />
24-->src\main\AndroidManifest.xml:19:17-69
24-->src\main\AndroidManifest.xml:19:25-66
25
26                <category android:name="android.intent.category.LAUNCHER" />
26-->src\main\AndroidManifest.xml:21:17-77
26-->src\main\AndroidManifest.xml:21:27-74
27            </intent-filter>
28        </activity>
29        <activity
29-->src\main\AndroidManifest.xml:24:10-28:20
30            android:name="com.android.attendance.activity.LoginActivity"
30-->src\main\AndroidManifest.xml:25:13-73
31            android:label="@string/app_name"
31-->src\main\AndroidManifest.xml:26:13-45
32            android:screenOrientation="portrait" >
32-->src\main\AndroidManifest.xml:27:14-50
33        </activity>
34        <activity
34-->src\main\AndroidManifest.xml:29:10-33:20
35            android:name="com.android.attendance.activity.MenuActivity"
35-->src\main\AndroidManifest.xml:30:13-72
36            android:label="@string/app_name"
36-->src\main\AndroidManifest.xml:31:13-45
37            android:screenOrientation="portrait" >
37-->src\main\AndroidManifest.xml:32:14-50
38        </activity>
39        <activity
39-->src\main\AndroidManifest.xml:34:10-38:20
40            android:name="com.android.attendance.activity.AddFacultyActivity"
40-->src\main\AndroidManifest.xml:35:13-78
41            android:label="@string/app_name"
41-->src\main\AndroidManifest.xml:36:13-45
42            android:screenOrientation="portrait" >
42-->src\main\AndroidManifest.xml:37:14-50
43        </activity>
44        <activity
44-->src\main\AndroidManifest.xml:39:9-43:20
45            android:name="com.android.attendance.activity.AddStudentActivity"
45-->src\main\AndroidManifest.xml:40:13-78
46            android:label="@string/app_name"
46-->src\main\AndroidManifest.xml:41:13-45
47            android:screenOrientation="portrait" >
47-->src\main\AndroidManifest.xml:42:13-49
48        </activity>
49        <activity
49-->src\main\AndroidManifest.xml:44:9-48:20
50            android:name="com.android.attendance.activity.ViewFacultyActivity"
50-->src\main\AndroidManifest.xml:45:13-79
51            android:label="@string/app_name"
51-->src\main\AndroidManifest.xml:46:13-45
52            android:screenOrientation="portrait" >
52-->src\main\AndroidManifest.xml:47:13-49
53        </activity>
54        <activity
54-->src\main\AndroidManifest.xml:49:9-53:20
55            android:name="com.android.attendance.activity.ViewStudentActivity"
55-->src\main\AndroidManifest.xml:50:13-79
56            android:label="@string/app_name"
56-->src\main\AndroidManifest.xml:51:13-45
57            android:screenOrientation="portrait" >
57-->src\main\AndroidManifest.xml:52:13-49
58        </activity>
59        <activity
59-->src\main\AndroidManifest.xml:54:9-58:20
60            android:name="com.android.attendance.activity.TestActivity"
60-->src\main\AndroidManifest.xml:55:13-72
61            android:label="@string/app_name"
61-->src\main\AndroidManifest.xml:56:13-45
62            android:screenOrientation="portrait" >
62-->src\main\AndroidManifest.xml:57:13-49
63        </activity>
64        <activity
64-->src\main\AndroidManifest.xml:59:10-63:20
65            android:name="com.android.attendance.activity.ViewStudentByBranchYear"
65-->src\main\AndroidManifest.xml:60:13-83
66            android:label="@string/app_name"
66-->src\main\AndroidManifest.xml:61:13-45
67            android:screenOrientation="portrait" >
67-->src\main\AndroidManifest.xml:62:14-50
68        </activity>
69        <activity
69-->src\main\AndroidManifest.xml:64:11-68:20
70            android:name="com.android.attendance.activity.AddAttandanceSessionActivity"
70-->src\main\AndroidManifest.xml:65:13-88
71            android:label="@string/app_name"
71-->src\main\AndroidManifest.xml:66:13-45
72            android:screenOrientation="portrait" >
72-->src\main\AndroidManifest.xml:67:15-51
73        </activity>
74        <activity
74-->src\main\AndroidManifest.xml:69:10-73:20
75            android:name="com.android.attendance.activity.AddAttendanceActivity"
75-->src\main\AndroidManifest.xml:70:13-81
76            android:label="@string/app_name"
76-->src\main\AndroidManifest.xml:71:13-45
77            android:screenOrientation="portrait" >
77-->src\main\AndroidManifest.xml:72:14-50
78        </activity>
79        <activity
79-->src\main\AndroidManifest.xml:74:10-78:20
80            android:name="com.android.attendance.activity.ViewAttendanceByFacultyActivity"
80-->src\main\AndroidManifest.xml:75:13-91
81            android:label="@string/app_name"
81-->src\main\AndroidManifest.xml:76:13-45
82            android:screenOrientation="portrait" >
82-->src\main\AndroidManifest.xml:77:14-50
83        </activity>
84        <activity
84-->src\main\AndroidManifest.xml:79:10-83:20
85            android:name="com.android.attendance.activity.ViewAttendancePerStudentActivity"
85-->src\main\AndroidManifest.xml:80:13-92
86            android:label="@string/app_name"
86-->src\main\AndroidManifest.xml:81:13-45
87            android:screenOrientation="portrait" >
87-->src\main\AndroidManifest.xml:82:14-50
88        </activity>
89
90        <meta-data
90-->[com.android.support:support-v4:26.1.0] AndroidManifest.xml:26:9-28:38
91            android:name="android.support.VERSION"
91-->[com.android.support:support-v4:26.1.0] AndroidManifest.xml:27:13-51
92            android:value="26.1.0" />
92-->[com.android.support:support-v4:26.1.0] AndroidManifest.xml:28:13-35
93        <meta-data
93-->[android.arch.lifecycle:runtime:1.0.0] AndroidManifest.xml:25:9-27:47
94            android:name="android.arch.lifecycle.VERSION"
94-->[android.arch.lifecycle:runtime:1.0.0] AndroidManifest.xml:26:13-58
95            android:value="27.0.0-SNAPSHOT" />
95-->[android.arch.lifecycle:runtime:1.0.0] AndroidManifest.xml:27:13-44
96    </application>
97
98</manifest>